[0504/130819:ERROR:process_info.cc(608)] range at 0xfe813000, size 0x230 fully unreadable
[0504/130819:ERROR:process_reader_win.cc(172)] ResumeThread: 操作成功完成。 (0x0)
[0504/130819:ERROR:process_reader_win.cc(232)] ReadMemory at 0x74bc5934 of 28 bytes failed: 仅完成部分的 ReadProcessMemory 或 WriteProcessMemory 请求。 (0x12B)
[0504/130819:WARNING:pe_image_reader.cc(134)] could not read data directory from C:\WINDOWS\SYSTEM32\netutils.dll
[0504/130819:ERROR:process_reader_win.cc(232)] ReadMemory at 0x74ba0000 of 64 bytes failed: 仅完成部分的 ReadProcessMemory 或 WriteProcessMemory 请求。 (0x12B)
[0504/130819:WARNING:pe_image_reader.cc(280)] could not read dos header from C:\WINDOWS\SYSTEM32\srvcli.dll
[0504/130819:ERROR:process_reader_win.cc(232)] ReadMemory at 0x74b80000 of 64 bytes failed: 仅完成部分的 ReadProcessMemory 或 WriteProcessMemory 请求。 (0x12B)
[0504/130819:WARNING:pe_image_reader.cc(280)] could not read dos header from C:\WINDOWS\SYSTEM32\wkscli.dll
[0504/130819:ERROR:process_reader_win.cc(232)] ReadMemory at 0x74bd0000 of 64 bytes failed: 仅完成部分的 ReadProcessMemory 或 WriteProcessMemory 请求。 (0x12B)
[0504/130819:WARNING:pe_image_reader.cc(280)] could not read dos header from C:\WINDOWS\SYSTEM32\NETAPI32.dll
[0504/130819:ERROR:process_reader_win.cc(232)] ReadMemory at 0x72b30000 of 64 bytes failed: 仅完成部分的 ReadProcessMemory 或 WriteProcessMemory 请求。 (0x12B)
[0504/130819:WARNING:pe_image_reader.cc(280)] could not read dos header from D:\Program Files (x86)\360\360Safe\safemon\safemon.dll
[0504/130819:ERROR:process_reader_win.cc(232)] ReadMemory at 0x74af0000 of 64 bytes failed: 仅完成部分的 ReadProcessMemory 或 WriteProcessMemory 请求。 (0x12B)
[0504/130819:WARNING:pe_image_reader.cc(280)] could not read dos header from C:\WINDOWS\SYSTEM32\shcore.dll
[0504/130819:ERROR:process_reader_win.cc(232)] ReadMemory at 0x64cf0000 of 64 bytes failed: 仅完成部分的 ReadProcessMemory 或 WriteProcessMemory 请求。 (0x12B)
[0504/130819:WARNING:pe_image_reader.cc(280)] could not read dos header from D:\Program Files (x86)\360\360Safe\safemon\iNetSafe.dll
[0504/130819:ERROR:process_reader_win.cc(232)] ReadMemory at 0x652e0000 of 64 bytes failed: 仅完成部分的 ReadProcessMemory 或 WriteProcessMemory 请求。 (0x12B)
[0504/130819:WARNING:pe_image_reader.cc(280)] could not read dos header from D:\Program Files (x86)\360\360Safe\360verify.dll
[0504/130819:ERROR:process_reader_win.cc(232)] ReadMemory at 0x71d60000 of 64 bytes failed: 仅完成部分的 ReadProcessMemory 或 WriteProcessMemory 请求。 (0x12B)
[0504/130819:WARNING:pe_image_reader.cc(280)] could not read dos header from C:\WINDOWS\WinSxS\x86_microsoft.windows.common-controls_6595b64144ccf1df_6.0.9600.18006_none_a9ec6aab013aafee\COMCTL32.dll
[0504/130819:ERROR:process_reader_win.cc(232)] ReadMemory at 0x77440000 of 64 bytes failed: 仅完成部分的 ReadProcessMemory 或 WriteProcessMemory 请求。 (0x12B)
[0504/130819:WARNING:pe_image_reader.cc(280)] could not read dos header from C:\WINDOWS\SYSTEM32\COMDLG32.dll
[0504/130819:ERROR:process_reader_win.cc(232)] ReadMemory at 0x74a20000 of 64 bytes failed: 仅完成部分的 ReadProcessMemory 或 WriteProcessMemory 请求。 (0x12B)
[0504/130819:WARNING:pe_image_reader.cc(280)] could not read dos header from C:\WINDOWS\SYSTEM32\WINNSI.DLL
[0504/130819:ERROR:process_reader_win.cc(232)] ReadMemory at 0x74a30000 of 64 bytes failed: 仅完成部分的 ReadProcessMemory 或 WriteProcessMemory 请求。 (0x12B)
[0504/130819:WARNING:pe_image_reader.cc(280)] could not read dos header from C:\WINDOWS\SYSTEM32\IPHLPAPI.DLL
[0504/130819:ERROR:process_reader_win.cc(232)] ReadMemory at 0x66810000 of 64 bytes failed: 仅完成部分的 ReadProcessMemory 或 WriteProcessMemory 请求。 (0x12B)
[0504/130819:WARNING:pe_image_reader.cc(280)] could not read dos header from C:\WINDOWS\SYSTEM32\USP10.dll
[0504/130819:ERROR:process_reader_win.cc(232)] ReadMemory at 0x75170000 of 64 bytes failed: 仅完成部分的 ReadProcessMemory 或 WriteProcessMemory 请求。 (0x12B)
[0504/130819:WARNING:pe_image_reader.cc(280)] could not read dos header from C:\WINDOWS\SYSTEM32\MSASN1.dll
[0504/130819:ERROR:process_reader_win.cc(232)] ReadMemory at 0x74dc0000 of 64 bytes failed: 仅完成部分的 ReadProcessMemory 或 WriteProcessMemory 请求。 (0x12B)
[0504/130819:WARNING:pe_image_reader.cc(280)] could not read dos header from C:\WINDOWS\SYSTEM32\CRYPT32.dll
[0504/130819:ERROR:process_reader_win.cc(232)] ReadMemory at 0x75760000 of 64 bytes failed: 仅完成部分的 ReadProcessMemory 或 WriteProcessMemory 请求。 (0x12B)
[0504/130819:WARNING:pe_image_reader.cc(280)] could not read dos header from C:\WINDOWS\SYSTEM32\WINTRUST.dll
[0504/130819:ERROR:process_reader_win.cc(232)] ReadMemory at 0x74790000 of 64 bytes failed: 仅完成部分的 ReadProcessMemory 或 WriteProcessMemory 请求。 (0x12B)
[0504/130819:WARNING:pe_image_reader.cc(280)] could not read dos header from C:\WINDOWS\SYSTEM32\Secur32.dll
[0504/130819:ERROR:process_reader_win.cc(232)] ReadMemory at 0x5f0c0000 of 64 bytes failed: 仅完成部分的 ReadProcessMemory 或 WriteProcessMemory 请求。 (0x12B)
[0504/130819:WARNING:pe_image_reader.cc(280)] could not read dos header from C:\Program Files (x86)\Google\Chrome\Application\49.0.2623.87\chrome_child.dll
[0504/130819:ERROR:process_reader_win.cc(232)] ReadMemory at 0x68630000 of 64 bytes failed: 仅完成部分的 ReadProcessMemory 或 WriteProcessMemory 请求。 (0x12B)
[0504/130819:WARNING:pe_image_reader.cc(280)] could not read dos header from C:\WINDOWS\SYSTEM32\dwrite.dll
[0504/130819:ERROR:process_reader_win.cc(232)] ReadMemory at 0x145c154 of 12 bytes failed: 仅完成部分的 ReadProcessMemory 或 WriteProcessMemory 请求。 (0x12B)
[0504/130819:WARNING:process_snapshot_win.cc(89)] ReadMemory ExceptionInformation failed
[0504/130819:WARNING:crash_report_exception_handler.cc(60)] ProcessSnapshotWin::InitializeException failed
[0504/130819:ERROR:scoped_process_suspend.cc(38)] NtResumeProcess, ntstatus=-1073741558
[0506/164500:ERROR:process_info.cc(608)] range at 0xff258000, size 0x230 fully unreadable
[0506/164500:ERROR:process_info.cc(608)] range at 0xff25e000, size 0xf84 fully unreadable
